<?xml version="1.0" ?>
<coverage lines-valid="5171" lines-covered="4272" line-rate="0.826146">
  <sources>
    <source>.</source>
  </sources>
  <packages>
    <package name="." line-rate="0.826146">
      <classes>
        <class name="immut/array/array.mbt" filename="immut/array/array.mbt" line-rate="0.938272">
          <lines>
            <line number="17" hits="36"/>
            <line number="21" hits="60"/>
            <line number="25" hits="0"/>
            <line number="29" hits="4"/>
            <line number="33" hits="68"/>
            <line number="34" hits="722"/>
            <line number="39" hits="64"/>
            <line number="41" hits="64"/>
            <line number="42" hits="702"/>
            <line number="43" hits="704"/>
            <line number="44" hits="2"/>
            <line number="47" hits="62"/>
            <line number="54" hits="6"/>
            <line number="58" hits="4"/>
            <line number="62" hits="6"/>
            <line number="63" hits="14"/>
            <line number="64" hits="10"/>
            <line number="65" hits="2"/>
            <line number="67" hits="2"/>
            <line number="82" hits="10"/>
            <line number="83" hits="2"/>
            <line number="84" hits="8"/>
            <line number="85" hits="2"/>
            <line number="87" hits="6"/>
            <line number="99" hits="208"/>
            <line number="100" hits="408"/>
            <line number="101" hits="208"/>
            <line number="102" hits="200"/>
            <line number="106" hits="0"/>
            <line number="125" hits="2272"/>
            <line number="126" hits="6"/>
            <line number="132" hits="2266"/>
            <line number="147" hits="2"/>
            <line number="158" hits="76"/>
            <line number="159" hits="114"/>
            <line number="160" hits="12"/>
            <line number="161" hits="88"/>
            <line number="162" hits="14"/>
            <line number="177" hits="8"/>
            <line number="178" hits="78"/>
            <line number="179" hits="2"/>
            <line number="181" hits="70"/>
            <line number="182" hits="2070"/>
            <line number="184" hits="6"/>
            <line number="187" hits="70"/>
            <line number="188" hits="70"/>
            <line number="199" hits="14"/>
            <line number="210" hits="8"/>
            <line number="211" hits="16"/>
            <line number="212" hits="4"/>
            <line number="213" hits="10"/>
            <line number="214" hits="2"/>
            <line number="229" hits="6"/>
            <line number="230" hits="14"/>
            <line number="231" hits="2"/>
            <line number="232" hits="10"/>
            <line number="233" hits="2"/>
            <line number="249" hits="0"/>
            <line number="261" hits="0"/>
            <line number="272" hits="10"/>
            <line number="273" hits="18"/>
            <line number="274" hits="2"/>
            <line number="275" hits="14"/>
            <line number="276" hits="2"/>
            <line number="284" hits="64"/>
            <line number="285" hits="74"/>
            <line number="286" hits="66"/>
            <line number="288" hits="8"/>
            <line number="291" hits="2"/>
            <line number="292" hits="6"/>
            <line number="295" hits="14"/>
            <line number="296" hits="6"/>
            <line number="305" hits="4"/>
            <line number="307" hits="60"/>
            <line number="309" hits="68"/>
            <line number="310" hits="8"/>
            <line number="311" hits="60"/>
            <line number="337" hits="6"/>
            <line number="342" hits="50"/>
            <line number="346" hits="44"/>
            <line number="353" hits="0"/>
          </lines>
        </class>
        <class name="builtin/console.mbt" filename="builtin/console.mbt" line-rate="0.806452">
          <lines>
            <line number="18" hits="14376"/>
            <line number="23" hits="0"/>
            <line number="27" hits="118"/>
            <line number="28" hits="86"/>
            <line number="30" hits="32"/>
            <line number="35" hits="22724"/>
            <line number="36" hits="23300"/>
            <line number="37" hits="34"/>
            <line number="39" hits="23266"/>
            <line number="48" hits="2"/>
            <line number="51" hits="23300"/>
            <line number="53" hits="576"/>
            <line number="63" hits="4728"/>
            <line number="64" hits="12902"/>
            <line number="65" hits="618"/>
            <line number="67" hits="12284"/>
            <line number="76" hits="128"/>
            <line number="79" hits="12902"/>
            <line number="81" hits="8174"/>
            <line number="91" hits="4765802"/>
            <line number="93" hits="5102710"/>
            <line number="95" hits="336778"/>
            <line number="111" hits="76"/>
            <line number="113" hits="854"/>
            <line number="115" hits="778"/>
            <line number="157" hits="0"/>
            <line number="174" hits="0"/>
            <line number="175" hits="0"/>
            <line number="177" hits="0"/>
            <line number="189" hits="1550"/>
            <line number="191" hits="0"/>
          </lines>
        </class>
        <class name="builtin/iter2.mbt" filename="builtin/iter2.mbt" line-rate="0.727273">
          <lines>
            <line number="26" hits="2"/>
            <line number="30" hits="4"/>
            <line number="35" hits="8"/>
            <line number="37" hits="4"/>
            <line number="49" hits="2"/>
            <line number="55" hits="10"/>
            <line number="59" hits="2"/>
            <line number="61" hits="6"/>
            <line number="69" hits="0"/>
            <line number="76" hits="0"/>
            <line number="80" hits="0"/>
          </lines>
        </class>
        <class name="uint/uint.mbt" filename="uint/uint.mbt" line-rate="1.000000">
          <lines>
            <line number="20" hits="8"/>
          </lines>
        </class>
        <class name="immut/list/list.mbt" filename="immut/list/list.mbt" line-rate="0.824701">
          <lines>
            <line number="21" hits="282"/>
            <line number="25" hits="164"/>
            <line number="29" hits="0"/>
            <line number="33" hits="46"/>
            <line number="34" hits="6"/>
            <line number="35" hits="40"/>
            <line number="36" hits="210"/>
            <line number="41" hits="40"/>
            <line number="45" hits="40"/>
            <line number="47" hits="40"/>
            <line number="48" hits="198"/>
            <line number="50" hits="40"/>
            <line number="53" hits="0"/>
            <line number="62" hits="0"/>
            <line number="74" hits="40"/>
            <line number="75" hits="198"/>
            <line number="77" hits="40"/>
            <line number="83" hits="50"/>
            <line number="84" hits="50"/>
            <line number="85" hits="230"/>
            <line number="97" hits="40"/>
            <line number="98" hits="40"/>
            <line number="99" hits="210"/>
            <line number="115" hits="2"/>
            <line number="116" hits="2"/>
            <line number="117" hits="10"/>
            <line number="133" hits="14"/>
            <line number="134" hits="4"/>
            <line number="135" hits="10"/>
            <line number="141" hits="4"/>
            <line number="142" hits="14"/>
            <line number="143" hits="4"/>
            <line number="144" hits="10"/>
            <line number="161" hits="4"/>
            <line number="162" hits="4"/>
            <line number="163" hits="10"/>
            <line number="169" hits="4"/>
            <line number="170" hits="2"/>
            <line number="171" hits="2"/>
            <line number="173" hits="10"/>
            <line number="188" hits="110"/>
            <line number="189" hits="36"/>
            <line number="191" hits="74"/>
            <line number="192" hits="36"/>
            <line number="194" hits="38"/>
            <line number="201" hits="14"/>
            <line number="202" hits="2"/>
            <line number="203" hits="12"/>
            <line number="209" hits="22"/>
            <line number="210" hits="2"/>
            <line number="211" hits="20"/>
            <line number="224" hits="4"/>
            <line number="225" hits="2"/>
            <line number="226" hits="2"/>
            <line number="233" hits="16"/>
            <line number="234" hits="0"/>
            <line number="235" hits="16"/>
            <line number="241" hits="0"/>
            <line number="253" hits="8"/>
            <line number="254" hits="2"/>
            <line number="255" hits="6"/>
            <line number="261" hits="0"/>
            <line number="262" hits="0"/>
            <line number="263" hits="0"/>
            <line number="264" hits="0"/>
            <line number="277" hits="6"/>
            <line number="278" hits="2"/>
            <line number="279" hits="4"/>
            <line number="280" hits="16"/>
            <line number="293" hits="12"/>
            <line number="294" hits="2"/>
            <line number="295" hits="2"/>
            <line number="296" hits="8"/>
            <line number="309" hits="150"/>
            <line number="310" hits="52"/>
            <line number="311" hits="98"/>
            <line number="324" hits="22"/>
            <line number="325" hits="22"/>
            <line number="326" hits="124"/>
            <line number="339" hits="16"/>
            <line number="351" hits="14"/>
            <line number="352" hits="4"/>
            <line number="353" hits="10"/>
            <line number="364" hits="14"/>
            <line number="365" hits="4"/>
            <line number="366" hits="10"/>
            <line number="380" hits="0"/>
            <line number="391" hits="0"/>
            <line number="392" hits="0"/>
            <line number="393" hits="0"/>
            <line number="399" hits="4"/>
            <line number="400" hits="14"/>
            <line number="401" hits="4"/>
            <line number="402" hits="10"/>
            <line number="411" hits="4"/>
            <line number="412" hits="14"/>
            <line number="413" hits="4"/>
            <line number="414" hits="10"/>
            <line number="424" hits="0"/>
            <line number="425" hits="0"/>
            <line number="426" hits="0"/>
            <line number="427" hits="0"/>
            <line number="437" hits="0"/>
            <line number="438" hits="0"/>
            <line number="439" hits="0"/>
            <line number="440" hits="0"/>
            <line number="457" hits="22"/>
            <line number="458" hits="4"/>
            <line number="460" hits="16"/>
            <line number="461" hits="0"/>
            <line number="462" hits="16"/>
            <line number="464" hits="2"/>
            <line number="481" hits="0"/>
            <line number="496" hits="10"/>
            <line number="497" hits="4"/>
            <line number="498" hits="6"/>
            <line number="504" hits="0"/>
            <line number="505" hits="0"/>
            <line number="506" hits="0"/>
            <line number="507" hits="0"/>
            <line number="513" hits="0"/>
            <line number="518" hits="10"/>
            <line number="519" hits="2"/>
            <line number="520" hits="8"/>
            <line number="521" hits="16"/>
            <line number="533" hits="14"/>
            <line number="534" hits="4"/>
            <line number="536" hits="10"/>
            <line number="549" hits="20"/>
            <line number="550" hits="4"/>
            <line number="551" hits="4"/>
            <line number="553" hits="12"/>
            <line number="559" hits="4"/>
            <line number="560" hits="2"/>
            <line number="561" hits="2"/>
            <line number="575" hits="8"/>
            <line number="576" hits="2"/>
            <line number="577" hits="6"/>
            <line number="593" hits="22"/>
            <line number="594" hits="6"/>
            <line number="595" hits="16"/>
            <line number="601" hits="0"/>
            <line number="602" hits="0"/>
            <line number="603" hits="0"/>
            <line number="604" hits="0"/>
            <line number="607" hits="0"/>
            <line number="609" hits="0"/>
            <line number="618" hits="28"/>
            <line number="619" hits="2"/>
            <line number="620" hits="4"/>
            <line number="622" hits="22"/>
            <line number="623" hits="0"/>
            <line number="624" hits="10"/>
            <line number="631" hits="0"/>
            <line number="632" hits="0"/>
            <line number="633" hits="0"/>
            <line number="634" hits="0"/>
            <line number="637" hits="0"/>
            <line number="639" hits="0"/>
            <line number="647" hits="28"/>
            <line number="648" hits="2"/>
            <line number="649" hits="4"/>
            <line number="651" hits="22"/>
            <line number="652" hits="0"/>
            <line number="653" hits="4"/>
            <line number="667" hits="36"/>
            <line number="668" hits="20"/>
            <line number="669" hits="16"/>
            <line number="670" hits="32"/>
            <line number="671" hits="32"/>
            <line number="681" hits="8"/>
            <line number="686" hits="10"/>
            <line number="687" hits="4"/>
            <line number="688" hits="6"/>
            <line number="701" hits="8"/>
            <line number="702" hits="6"/>
            <line number="703" hits="2"/>
            <line number="716" hits="10"/>
            <line number="717" hits="2"/>
            <line number="718" hits="4"/>
            <line number="719" hits="22"/>
            <line number="723" hits="4"/>
            <line number="725" hits="6"/>
            <line number="738" hits="12"/>
            <line number="739" hits="2"/>
            <line number="740" hits="4"/>
            <line number="741" hits="10"/>
            <line number="745" hits="6"/>
            <line number="747" hits="6"/>
            <line number="759" hits="10"/>
            <line number="760" hits="2"/>
            <line number="761" hits="2"/>
            <line number="773" hits="4"/>
            <line number="774" hits="2"/>
            <line number="775" hits="2"/>
            <line number="788" hits="24"/>
            <line number="791" hits="6"/>
            <line number="792" hits="18"/>
            <line number="807" hits="22"/>
            <line number="808" hits="6"/>
            <line number="809" hits="16"/>
            <line number="825" hits="6"/>
            <line number="826" hits="4"/>
            <line number="827" hits="2"/>
            <line number="840" hits="6"/>
            <line number="841" hits="4"/>
            <line number="843" hits="16"/>
            <line number="844" hits="2"/>
            <line number="846" hits="14"/>
            <line number="863" hits="6"/>
            <line number="865" hits="20"/>
            <line number="866" hits="4"/>
            <line number="868" hits="16"/>
            <line number="869" hits="2"/>
            <line number="871" hits="14"/>
            <line number="886" hits="26"/>
            <line number="887" hits="6"/>
            <line number="888" hits="18"/>
            <line number="889" hits="2"/>
            <line number="903" hits="24"/>
            <line number="904" hits="2"/>
            <line number="906" hits="22"/>
            <line number="907" hits="4"/>
            <line number="909" hits="18"/>
            <line number="923" hits="22"/>
            <line number="924" hits="4"/>
            <line number="925" hits="2"/>
            <line number="926" hits="16"/>
            <line number="939" hits="14"/>
            <line number="940" hits="2"/>
            <line number="941" hits="10"/>
            <line number="942" hits="2"/>
            <line number="955" hits="4"/>
            <line number="970" hits="2"/>
            <line number="975" hits="2"/>
            <line number="979" hits="166"/>
            <line number="981" hits="166"/>
            <line number="982" hits="166"/>
            <line number="983" hits="560"/>
            <line number="985" hits="0"/>
            <line number="995" hits="4"/>
            <line number="997" hits="4"/>
            <line number="998" hits="4"/>
            <line number="999" hits="20"/>
            <line number="1001" hits="0"/>
            <line number="1011" hits="6"/>
            <line number="1015" hits="206"/>
            <line number="1016" hits="826"/>
            <line number="1018" hits="206"/>
            <line number="1026" hits="40"/>
            <line number="1030" hits="2"/>
          </lines>
        </class>
        <class name="builtin/stringbuilder.mbt" filename="builtin/stringbuilder.mbt" line-rate="1.000000">
          <lines>
            <line number="16" hits="12"/>
          </lines>
        </class>
        <class name="quickcheck/arbitrary.mbt" filename="quickcheck/arbitrary.mbt" line-rate="0.656250">
          <lines>
            <line number="23" hits="0"/>
            <line number="25" hits="0"/>
            <line number="28" hits="178"/>
            <line number="29" hits="34"/>
            <line number="31" hits="144"/>
            <line number="36" hits="1810"/>
            <line number="37" hits="354"/>
            <line number="39" hits="1456"/>
            <line number="44" hits="80"/>
            <line number="45" hits="4"/>
            <line number="47" hits="76"/>
            <line number="51" hits="8"/>
            <line number="54" hits="0"/>
            <line number="55" hits="0"/>
            <line number="57" hits="0"/>
            <line number="63" hits="408"/>
            <line number="67" hits="64"/>
            <line number="69" hits="408"/>
            <line number="70" hits="408"/>
            <line number="76" hits="0"/>
            <line number="77" hits="0"/>
            <line number="79" hits="0"/>
            <line number="84" hits="10"/>
            <line number="87" hits="170"/>
            <line number="88" hits="748"/>
            <line number="89" hits="0"/>
            <line number="92" hits="170"/>
            <line number="107" hits="6"/>
            <line number="108" hits="0"/>
            <line number="109" hits="6"/>
            <line number="112" hits="0"/>
            <line number="113" hits="6"/>
          </lines>
        </class>
        <class name="immut/internal/sparse_array/sparse_array.mbt" filename="immut/internal/sparse_array/sparse_array.mbt" line-rate="1.000000">
          <lines>
            <line number="24" hits="5298"/>
            <line number="28" hits="24"/>
            <line number="32" hits="3708"/>
            <line number="33" hits="2772"/>
            <line number="35" hits="936"/>
            <line number="44" hits="940"/>
            <line number="67" hits="1734"/>
            <line number="76" hits="1432"/>
            <line number="83" hits="40"/>
            <line number="84" hits="50"/>
          </lines>
        </class>
        <class name="builtin/option.mbt" filename="builtin/option.mbt" line-rate="0.700000">
          <lines>
            <line number="16" hits="202"/>
            <line number="17" hits="132"/>
            <line number="18" hits="66"/>
            <line number="19" hits="4"/>
            <line number="24" hits="0"/>
            <line number="25" hits="0"/>
            <line number="26" hits="0"/>
            <line number="33" hits="64"/>
            <line number="34" hits="4"/>
            <line number="35" hits="60"/>
          </lines>
        </class>
        <class name="tuple/tuple.mbt" filename="tuple/tuple.mbt" line-rate="1.000000">
          <lines>
            <line number="22" hits="2"/>
            <line number="33" hits="2"/>
            <line number="44" hits="2"/>
            <line number="55" hits="2"/>
            <line number="66" hits="2"/>
            <line number="81" hits="2"/>
            <line number="92" hits="4"/>
            <line number="104" hits="6"/>
            <line number="116" hits="6"/>
          </lines>
        </class>
        <class name="immut/internal/sparse_array/bitset.mbt" filename="immut/internal/sparse_array/bitset.mbt" line-rate="1.000000">
          <lines>
            <line number="24" hits="12728"/>
            <line number="31" hits="14436"/>
            <line number="38" hits="6262"/>
            <line number="45" hits="4"/>
            <line number="52" hits="98"/>
          </lines>
        </class>
        <class name="coverage/coverage.mbt" filename="coverage/coverage.mbt" line-rate="0.560000">
          <lines>
            <line number="38" hits="140166"/>
            <line number="39" hits="4984878"/>
            <line number="40" hits="4995660"/>
            <line number="41" hits="4855494"/>
            <line number="49" hits="140166"/>
            <line number="74" hits="693642"/>
            <line number="78" hits="0"/>
            <line number="96" hits="3594"/>
            <line number="100" hits="0"/>
            <line number="101" hits="0"/>
            <line number="103" hits="0"/>
            <line number="104" hits="0"/>
            <line number="105" hits="0"/>
            <line number="112" hits="0"/>
            <line number="117" hits="0"/>
            <line number="124" hits="0"/>
            <line number="125" hits="0"/>
            <line number="126" hits="39468"/>
            <line number="127" hits="32292"/>
            <line number="131" hits="3588"/>
            <line number="139" hits="3594"/>
            <line number="141" hits="136572"/>
            <line number="148" hits="140166"/>
            <line number="150" hits="136572"/>
            <line number="158" hits="0"/>
          </lines>
        </class>
        <class name="error/error.mbt" filename="error/error.mbt" line-rate="1.000000">
          <lines>
            <line number="18" hits="2"/>
          </lines>
        </class>
        <class name="array/utils.mbt" filename="array/utils.mbt" line-rate="1.000000">
          <lines>
            <line number="16" hits="392"/>
            <line number="17" hits="264"/>
            <line number="19" hits="128"/>
          </lines>
        </class>
        <class name="immut/array/tree.mbt" filename="immut/array/tree.mbt" line-rate="0.760000">
          <lines>
            <line number="22" hits="36"/>
            <line number="26" hits="2"/>
            <line number="27" hits="2"/>
            <line number="28" hits="0"/>
            <line number="29" hits="0"/>
            <line number="34" hits="2"/>
            <line number="35" hits="2"/>
            <line number="36" hits="0"/>
            <line number="37" hits="0"/>
            <line number="42" hits="6"/>
            <line number="43" hits="6"/>
            <line number="45" hits="0"/>
            <line number="46" hits="0"/>
            <line number="51" hits="4"/>
            <line number="52" hits="2"/>
            <line number="53" hits="2"/>
            <line number="58" hits="72"/>
            <line number="59" hits="70"/>
            <line number="60" hits="2"/>
            <line number="65" hits="4318"/>
            <line number="66" hits="2192"/>
            <line number="67" hits="2116"/>
            <line number="70" hits="2052"/>
            <line number="72" hits="64"/>
            <line number="75" hits="10"/>
          </lines>
        </class>
        <class name="queue/queue.mbt" filename="queue/queue.mbt" line-rate="0.924242">
          <lines>
            <line number="22" hits="144"/>
            <line number="33" hits="14"/>
            <line number="34" hits="6"/>
            <line number="40" hits="16"/>
            <line number="41" hits="16"/>
            <line number="47" hits="34"/>
            <line number="52" hits="4"/>
            <line number="57" hits="24"/>
            <line number="58" hits="20"/>
            <line number="60" hits="98"/>
            <line number="61" hits="96"/>
            <line number="63" hits="2"/>
            <line number="65" hits="2"/>
            <line number="71" hits="24"/>
            <line number="82" hits="24"/>
            <line number="95" hits="34"/>
            <line number="106" hits="4"/>
            <line number="117" hits="228"/>
            <line number="119" hits="44"/>
            <line number="124" hits="184"/>
            <line number="141" hits="4"/>
            <line number="142" hits="0"/>
            <line number="143" hits="4"/>
            <line number="149" hits="0"/>
            <line number="160" hits="4"/>
            <line number="161" hits="2"/>
            <line number="162" hits="2"/>
            <line number="175" hits="46"/>
            <line number="176" hits="0"/>
            <line number="177" hits="12"/>
            <line number="181" hits="34"/>
            <line number="191" hits="0"/>
            <line number="202" hits="10"/>
            <line number="203" hits="2"/>
            <line number="205" hits="8"/>
            <line number="218" hits="4"/>
            <line number="219" hits="8"/>
            <line number="223" hits="4"/>
            <line number="236" hits="4"/>
            <line number="237" hits="8"/>
            <line number="241" hits="4"/>
            <line number="253" hits="8"/>
            <line number="254" hits="8"/>
            <line number="255" hits="24"/>
            <line number="267" hits="2"/>
            <line number="272" hits="10"/>
            <line number="273" hits="2"/>
            <line number="277" hits="8"/>
            <line number="280" hits="2"/>
            <line number="281" hits="6"/>
            <line number="300" hits="8"/>
            <line number="301" hits="8"/>
            <line number="302" hits="6"/>
            <line number="308" hits="2"/>
            <line number="326" hits="36"/>
            <line number="328" hits="36"/>
            <line number="329" hits="88"/>
            <line number="331" hits="0"/>
            <line number="335" hits="36"/>
            <line number="348" hits="46"/>
            <line number="349" hits="206"/>
            <line number="360" hits="72"/>
            <line number="361" hits="6"/>
            <line number="367" hits="196"/>
            <line number="368" hits="196"/>
            <line number="436" hits="40"/>
          </lines>
        </class>
        <class name="double/internal/ryu/common.mbt" filename="double/internal/ryu/common.mbt" line-rate="1.000000">
          <lines>
            <line number="17" hits="788"/>
            <line number="21" hits="70"/>
            <line number="22" hits="22"/>
            <line number="24" hits="20"/>
            <line number="26" hits="48"/>
            <line number="33" hits="222"/>
            <line number="38" hits="50"/>
          </lines>
        </class>
        <class name="float/float.mbt" filename="float/float.mbt" line-rate="0.200000">
          <lines>
            <line number="28" hits="0"/>
            <line number="29" hits="0"/>
            <line number="31" hits="0"/>
            <line number="36" hits="0"/>
            <line number="40" hits="50"/>
          </lines>
        </class>
        <class name="immut/priority_queue/types.mbt" filename="immut/priority_queue/types.mbt" line-rate="nan">
          <lines>
          </lines>
        </class>
        <class name="sorted_map/types.mbt" filename="sorted_map/types.mbt" line-rate="nan">
          <lines>
          </lines>
        </class>
        <class name="array/fixedarray_sort_by.mbt" filename="array/fixedarray_sort_by.mbt" line-rate="0.365385">
          <lines>
            <line number="30" hits="0"/>
            <line number="32" hits="0"/>
            <line number="50" hits="0"/>
            <line number="64" hits="0"/>
            <line number="70" hits="0"/>
            <line number="71" hits="0"/>
            <line number="73" hits="0"/>
            <line number="74" hits="0"/>
            <line number="81" hits="0"/>
            <line number="87" hits="0"/>
            <line number="88" hits="0"/>
            <line number="95" hits="0"/>
            <line number="101" hits="0"/>
            <line number="102" hits="0"/>
            <line number="103" hits="0"/>
            <line number="104" hits="0"/>
            <line number="109" hits="0"/>
            <line number="115" hits="0"/>
            <line number="119" hits="0"/>
            <line number="135" hits="2"/>
            <line number="136" hits="14"/>
            <line number="137" hits="14"/>
            <line number="138" hits="56"/>
            <line number="139" hits="56"/>
            <line number="143" hits="14"/>
            <line number="145" hits="0"/>
            <line number="161" hits="8"/>
            <line number="162" hits="2022"/>
            <line number="163" hits="998830"/>
            <line number="183" hits="0"/>
            <line number="187" hits="0"/>
            <line number="188" hits="0"/>
            <line number="189" hits="0"/>
            <line number="190" hits="0"/>
            <line number="209" hits="0"/>
            <line number="215" hits="0"/>
            <line number="218" hits="0"/>
            <line number="219" hits="0"/>
            <line number="225" hits="0"/>
            <line number="231" hits="0"/>
            <line number="238" hits="0"/>
            <line number="241" hits="0"/>
            <line number="246" hits="8"/>
            <line number="247" hits="1012"/>
            <line number="248" hits="1012"/>
            <line number="250" hits="2022"/>
            <line number="251" hits="2022"/>
            <line number="261" hits="3034"/>
            <line number="264" hits="17712"/>
            <line number="265" hits="16006"/>
            <line number="266" hits="7138"/>
            <line number="269" hits="1328"/>
          </lines>
        </class>
        <class name="json/lex_misc.mbt" filename="json/lex_misc.mbt" line-rate="0.725000">
          <lines>
            <line number="16" hits="2292"/>
            <line number="17" hits="2154"/>
            <line number="21" hits="0"/>
            <line number="22" hits="0"/>
            <line number="24" hits="0"/>
            <line number="32" hits="138"/>
            <line number="37" hits="436"/>
            <line number="38" hits="512"/>
            <line number="39" hits="66"/>
            <line number="40" hits="360"/>
            <line number="42" hits="10"/>
            <line number="47" hits="86"/>
            <line number="53" hits="88"/>
            <line number="55" hits="22"/>
            <line number="56" hits="56"/>
            <line number="57" hits="0"/>
            <line number="58" hits="2"/>
            <line number="63" hits="84"/>
            <line number="65" hits="74"/>
            <line number="66" hits="0"/>
            <line number="67" hits="2"/>
            <line number="72" hits="70"/>
            <line number="74" hits="20"/>
            <line number="75" hits="40"/>
            <line number="76" hits="0"/>
            <line number="77" hits="2"/>
            <line number="82" hits="52"/>
            <line number="83" hits="0"/>
            <line number="84" hits="0"/>
            <line number="89" hits="76"/>
            <line number="91" hits="8"/>
            <line number="92" hits="52"/>
            <line number="94" hits="52"/>
            <line number="96" hits="0"/>
            <line number="97" hits="4"/>
            <line number="102" hits="40"/>
            <line number="104" hits="32"/>
            <line number="106" hits="32"/>
            <line number="108" hits="0"/>
            <line number="109" hits="0"/>
          </lines>
        </class>
        <class name="json/json_path.mbt" filename="json/json_path.mbt" line-rate="0.833333">
          <lines>
            <line number="22" hits="586"/>
            <line number="26" hits="50"/>
            <line number="30" hits="100"/>
            <line number="31" hits="26"/>
            <line number="32" hits="44"/>
            <line number="34" hits="30"/>
            <line number="43" hits="14"/>
            <line number="44" hits="14"/>
            <line number="45" hits="0"/>
            <line number="50" hits="10"/>
            <line number="51" hits="10"/>
            <line number="52" hits="0"/>
          </lines>
        </class>
        <class name="builtin/tuple_hash.mbt" filename="builtin/tuple_hash.mbt" line-rate="0.000000">
          <lines>
            <line number="16" hits="0"/>
            <line number="24" hits="0"/>
            <line number="32" hits="0"/>
            <line number="43" hits="0"/>
            <line number="55" hits="0"/>
            <line number="68" hits="0"/>
          </lines>
        </class>
        <class name="test/types.mbt" filename="test/types.mbt" line-rate="nan">
          <lines>
          </lines>
        </class>
        <class name="builtin/string.mbt" filename="builtin/string.mbt" line-rate="1.000000">
          <lines>
            <line number="17" hits="8"/>
            <line number="29" hits="16"/>
            <line number="30" hits="8"/>
          </lines>
        </class>
        <class name="string/utils.mbt" filename="string/utils.mbt" line-rate="1.000000">
          <lines>
            <line number="24" hits="2144"/>
            <line number="34" hits="244"/>
            <line number="44" hits="100"/>
          </lines>
        </class>
        <class name="strconv/number.mbt" filename="strconv/number.mbt" line-rate="0.790323">
          <lines>
            <line number="25" hits="2172"/>
            <line number="29" hits="1814"/>
            <line number="34" hits="366"/>
            <line number="38" hits="1126"/>
            <line number="47" hits="12"/>
            <line number="50" hits="240"/>
            <line number="51" hits="228"/>
            <line number="52" hits="0"/>
            <line number="63" hits="136"/>
            <line number="64" hits="136"/>
            <line number="65" hits="0"/>
            <line number="70" hits="72"/>
            <line number="74" hits="132"/>
            <line number="78" hits="460"/>
            <line number="79" hits="356"/>
            <line number="81" hits="104"/>
            <line number="86" hits="50"/>
            <line number="88" hits="82"/>
            <line number="91" hits="4"/>
            <line number="97" hits="310"/>
            <line number="103" hits="44"/>
            <line number="105" hits="266"/>
            <line number="106" hits="14"/>
            <line number="109" hits="0"/>
            <line number="122" hits="56"/>
            <line number="134" hits="22"/>
            <line number="140" hits="136"/>
            <line number="141" hits="132"/>
            <line number="142" hits="4"/>
            <line number="151" hits="272"/>
            <line number="156" hits="12"/>
            <line number="157" hits="0"/>
            <line number="163" hits="12"/>
            <line number="169" hits="12"/>
            <line number="171" hits="0"/>
            <line number="172" hits="0"/>
            <line number="173" hits="0"/>
            <line number="186" hits="26"/>
            <line number="187" hits="14"/>
            <line number="188" hits="8"/>
            <line number="190" hits="6"/>
            <line number="196" hits="24"/>
            <line number="197" hits="6"/>
            <line number="198" hits="18"/>
            <line number="199" hits="2"/>
            <line number="200" hits="16"/>
            <line number="201" hits="14"/>
            <line number="202" hits="6"/>
            <line number="204" hits="0"/>
            <line number="205" hits="6"/>
            <line number="206" hits="6"/>
            <line number="208" hits="8"/>
            <line number="209" hits="6"/>
            <line number="211" hits="0"/>
            <line number="212" hits="6"/>
            <line number="213" hits="6"/>
            <line number="224" hits="4"/>
            <line number="225" hits="0"/>
            <line number="228" hits="4"/>
            <line number="231" hits="0"/>
            <line number="234" hits="0"/>
            <line number="239" hits="0"/>
          </lines>
        </class>
        <class name="immut/sorted_map/utils.mbt" filename="immut/sorted_map/utils.mbt" line-rate="0.920455">
          <lines>
            <line number="17" hits="54"/>
            <line number="22" hits="620"/>
            <line number="28" hits="6"/>
            <line number="29" hits="2"/>
            <line number="30" hits="14"/>
            <line number="33" hits="4"/>
            <line number="34" hits="10"/>
            <line number="35" hits="4"/>
            <line number="37" hits="6"/>
            <line number="45" hits="4220"/>
            <line number="46" hits="1262"/>
            <line number="47" hits="2958"/>
            <line number="52" hits="4"/>
            <line number="56" hits="1064"/>
            <line number="63" hits="16"/>
            <line number="64" hits="8"/>
            <line number="65" hits="30"/>
            <line number="68" hits="8"/>
            <line number="69" hits="22"/>
            <line number="70" hits="10"/>
            <line number="72" hits="12"/>
            <line number="79" hits="10"/>
            <line number="84" hits="998"/>
            <line number="85" hits="566"/>
            <line number="86" hits="432"/>
            <line number="96" hits="2"/>
            <line number="97" hits="22"/>
            <line number="98" hits="12"/>
            <line number="99" hits="10"/>
            <line number="112" hits="22"/>
            <line number="113" hits="12"/>
            <line number="115" hits="10"/>
            <line number="121" hits="22"/>
            <line number="122" hits="12"/>
            <line number="124" hits="10"/>
            <line number="131" hits="2"/>
            <line number="141" hits="2"/>
            <line number="142" hits="22"/>
            <line number="143" hits="12"/>
            <line number="144" hits="10"/>
            <line number="158" hits="4"/>
            <line number="159" hits="44"/>
            <line number="160" hits="24"/>
            <line number="161" hits="20"/>
            <line number="169" hits="446"/>
            <line number="170" hits="250"/>
            <line number="171" hits="196"/>
            <line number="182" hits="40"/>
            <line number="183" hits="162"/>
            <line number="186" hits="40"/>
            <line number="191" hits="126"/>
            <line number="193" hits="126"/>
            <line number="194" hits="72"/>
            <line number="196" hits="54"/>
            <line number="197" hits="0"/>
            <line number="198" hits="54"/>
            <line number="199" hits="2"/>
            <line number="200" hits="52"/>
            <line number="201" hits="2"/>
            <line number="203" hits="50"/>
            <line number="211" hits="22"/>
            <line number="213" hits="22"/>
            <line number="214" hits="12"/>
            <line number="216" hits="10"/>
            <line number="217" hits="0"/>
            <line number="218" hits="10"/>
            <line number="219" hits="0"/>
            <line number="220" hits="10"/>
            <line number="221" hits="0"/>
            <line number="223" hits="10"/>
            <line number="231" hits="6"/>
            <line number="236" hits="2"/>
            <line number="241" hits="2"/>
            <line number="245" hits="82"/>
            <line number="246" hits="374"/>
            <line number="249" hits="82"/>
            <line number="254" hits="8"/>
            <line number="258" hits="0"/>
            <line number="262" hits="44"/>
            <line number="263" hits="10"/>
            <line number="264" hits="34"/>
            <line number="265" hits="120"/>
            <line number="270" hits="44"/>
            <line number="277" hits="40"/>
            <line number="278" hits="40"/>
            <line number="281" hits="110"/>
            <line number="286" hits="0"/>
            <line number="295" hits="0"/>
          </lines>
        </class>
        <class name="hashmap/hashmap.mbt" filename="hashmap/hashmap.mbt" line-rate="0.942308">
          <lines>
            <line number="16" hits="120"/>
            <line number="17" hits="216"/>
            <line number="18" hits="118"/>
            <line number="23" hits="2"/>
            <line number="40" hits="108"/>
            <line number="46" hits="0"/>
            <line number="47" hits="0"/>
            <line number="54" hits="560"/>
            <line number="55" hits="26"/>
            <line number="59" hits="724"/>
            <line number="60" hits="506"/>
            <line number="65" hits="218"/>
            <line number="67" hits="54"/>
            <line number="71" hits="26"/>
            <line number="74" hits="138"/>
            <line number="84" hits="12"/>
            <line number="89" hits="110"/>
            <line number="94" hits="148"/>
            <line number="95" hits="84"/>
            <line number="97" hits="42"/>
            <line number="100" hits="4"/>
            <line number="104" hits="64"/>
            <line number="110" hits="12"/>
            <line number="120" hits="8"/>
            <line number="121" hits="6"/>
            <line number="122" hits="2"/>
            <line number="128" hits="4"/>
            <line number="129" hits="2"/>
            <line number="130" hits="2"/>
            <line number="136" hits="14"/>
            <line number="138" hits="16"/>
            <line number="139" hits="8"/>
            <line number="141" hits="4"/>
            <line number="147" hits="2"/>
            <line number="151" hits="8"/>
            <line number="157" hits="4"/>
            <line number="158" hits="10"/>
            <line number="159" hits="8"/>
            <line number="161" hits="2"/>
            <line number="167" hits="2"/>
            <line number="174" hits="26"/>
            <line number="179" hits="320"/>
            <line number="180" hits="320"/>
            <line number="181" hits="160"/>
            <line number="182" hits="160"/>
            <line number="188" hits="16"/>
            <line number="189" hits="46"/>
            <line number="203" hits="40"/>
            <line number="205" hits="162"/>
            <line number="212" hits="102"/>
            <line number="215" hits="0"/>
            <line number="218" hits="50"/>
          </lines>
        </class>
        <class name="json/tuple_fromjson.mbt" filename="json/tuple_fromjson.mbt" line-rate="0.916667">
          <lines>
            <line number="19" hits="8"/>
            <line number="20" hits="8"/>
            <line number="22" hits="8"/>
            <line number="23" hits="6"/>
            <line number="25" hits="0"/>
            <line number="33" hits="6"/>
            <line number="34" hits="4"/>
            <line number="36" hits="4"/>
            <line number="37" hits="4"/>
            <line number="38" hits="4"/>
            <line number="40" hits="0"/>
            <line number="50" hits="4"/>
            <line number="51" hits="4"/>
            <line number="53" hits="4"/>
            <line number="54" hits="4"/>
            <line number="55" hits="4"/>
            <line number="56" hits="4"/>
            <line number="58" hits="0"/>
            <line number="69" hits="4"/>
            <line number="70" hits="4"/>
            <line number="72" hits="4"/>
            <line number="73" hits="4"/>
            <line number="74" hits="4"/>
            <line number="75" hits="4"/>
            <line number="76" hits="4"/>
            <line number="78" hits="0"/>
            <line number="90" hits="4"/>
            <line number="91" hits="4"/>
            <line number="93" hits="4"/>
            <line number="94" hits="4"/>
            <line number="95" hits="4"/>
            <line number="96" hits="4"/>
            <line number="97" hits="4"/>
            <line number="98" hits="4"/>
            <line number="100" hits="0"/>
            <line number="113" hits="4"/>
            <line number="114" hits="4"/>
            <line number="116" hits="4"/>
            <line number="117" hits="4"/>
            <line number="118" hits="4"/>
            <line number="119" hits="4"/>
            <line number="120" hits="4"/>
            <line number="121" hits="4"/>
            <line number="122" hits="4"/>
            <line number="124" hits="0"/>
            <line number="138" hits="4"/>
            <line number="139" hits="4"/>
            <line number="141" hits="4"/>
            <line number="142" hits="4"/>
            <line number="143" hits="4"/>
            <line number="144" hits="4"/>
            <line number="145" hits="4"/>
            <line number="146" hits="4"/>
            <line number="147" hits="4"/>
            <line number="148" hits="4"/>
            <line number="150" hits="0"/>
            <line number="165" hits="4"/>
            <line number="166" hits="4"/>
            <line number="168" hits="4"/>
            <line number="169" hits="4"/>
            <line number="170" hits="4"/>
            <line number="171" hits="4"/>
            <line number="172" hits="4"/>
            <line number="173" hits="4"/>
            <line number="174" hits="4"/>
            <line number="175" hits="4"/>
            <line number="176" hits="4"/>
            <line number="178" hits="0"/>
            <line number="194" hits="4"/>
            <line number="195" hits="4"/>
            <line number="197" hits="4"/>
            <line number="198" hits="4"/>
            <line number="199" hits="4"/>
            <line number="200" hits="4"/>
            <line number="201" hits="4"/>
            <line number="202" hits="4"/>
            <line number="203" hits="4"/>
            <line number="204" hits="4"/>
            <line number="205" hits="4"/>
            <line number="206" hits="4"/>
            <line number="208" hits="0"/>
            <line number="225" hits="4"/>
            <line number="226" hits="4"/>
            <line number="228" hits="4"/>
            <line number="229" hits="4"/>
            <line number="230" hits="4"/>
            <line number="231" hits="4"/>
            <line number="232" hits="4"/>
            <line number="233" hits="4"/>
            <line number="234" hits="4"/>
            <line number="235" hits="4"/>
            <line number="236" hits="4"/>
            <line number="237" hits="4"/>
            <line number="238" hits="4"/>
            <line number="240" hits="0"/>
            <line number="258" hits="4"/>
            <line number="259" hits="4"/>
            <line number="261" hits="4"/>
            <line number="262" hits="4"/>
            <line number="263" hits="4"/>
            <line number="264" hits="4"/>
            <line number="265" hits="4"/>
            <line number="266" hits="4"/>
            <line number="267" hits="4"/>
            <line number="268" hits="4"/>
            <line number="269" hits="4"/>
            <line number="270" hits="4"/>
            <line number="271" hits="4"/>
            <line number="272" hits="4"/>
            <line number="274" hits="0"/>
            <line number="293" hits="4"/>
            <line number="294" hits="4"/>
            <line number="296" hits="4"/>
            <line number="297" hits="4"/>
            <line number="298" hits="4"/>
            <line number="299" hits="4"/>
            <line number="300" hits="4"/>
            <line number="301" hits="4"/>
            <line number="302" hits="4"/>
            <line number="303" hits="4"/>
            <line number="304" hits="4"/>
            <line number="305" hits="4"/>
            <line number="306" hits="4"/>
            <line number="307" hits="4"/>
            <line number="308" hits="4"/>
            <line number="310" hits="0"/>
            <line number="330" hits="4"/>
            <line number="331" hits="4"/>
            <line number="333" hits="4"/>
            <line number="334" hits="4"/>
            <line number="335" hits="4"/>
            <line number="336" hits="4"/>
            <line number="337" hits="4"/>
            <line number="338" hits="4"/>
            <line number="339" hits="4"/>
            <line number="340" hits="4"/>
            <line number="341" hits="4"/>
            <line number="342" hits="4"/>
            <line number="343" hits="4"/>
            <line number="344" hits="4"/>
            <line number="345" hits="4"/>
            <line number="346" hits="4"/>
            <line number="348" hits="0"/>
            <line number="369" hits="4"/>
            <line number="370" hits="4"/>
            <line number="372" hits="4"/>
            <line number="373" hits="4"/>
            <line number="374" hits="4"/>
            <line number="375" hits="4"/>
            <line number="376" hits="4"/>
            <line number="377" hits="4"/>
            <line number="378" hits="4"/>
            <line number="379" hits="4"/>
            <line number="380" hits="4"/>
            <line number="381" hits="4"/>
            <line number="382" hits="4"/>
            <line number="383" hits="4"/>
            <line number="384" hits="4"/>
            <line number="385" hits="4"/>
            <line number="386" hits="4"/>
            <line number="388" hits="0"/>
            <line number="410" hits="4"/>
            <line number="411" hits="4"/>
            <line number="413" hits="4"/>
            <line number="414" hits="4"/>
            <line number="415" hits="4"/>
            <line number="416" hits="4"/>
            <line number="417" hits="4"/>
            <line number="418" hits="4"/>
            <line number="419" hits="4"/>
            <line number="420" hits="4"/>
            <line number="421" hits="4"/>
            <line number="422" hits="4"/>
            <line number="423" hits="4"/>
            <line number="424" hits="4"/>
            <line number="425" hits="4"/>
            <line number="426" hits="4"/>
            <line number="427" hits="4"/>
            <line number="428" hits="4"/>
            <line number="430" hits="0"/>
          </lines>
        </class>
        <class name="builtin/unit.mbt" filename="builtin/unit.mbt" line-rate="1.000000">
          <lines>
            <line number="16" hits="2"/>
          </lines>
        </class>
        <class name="double/double.mbt" filename="double/double.mbt" line-rate="0.844444">
          <lines>
            <line number="30" hits="6"/>
            <line number="34" hits="838"/>
            <line number="35" hits="226"/>
            <line number="37" hits="612"/>
            <line number="42" hits="92"/>
            <line number="45" hits="36"/>
            <line number="48" hits="6"/>
            <line number="71" hits="26"/>
            <line number="73" hits="14"/>
            <line number="75" hits="12"/>
            <line number="91" hits="26"/>
            <line number="93" hits="22"/>
            <line number="95" hits="4"/>
            <line number="111" hits="32"/>
            <line number="114" hits="4"/>
            <line number="115" hits="28"/>
            <line number="116" hits="8"/>
            <line number="117" hits="20"/>
            <line number="118" hits="6"/>
            <line number="124" hits="6"/>
            <line number="125" hits="8"/>
            <line number="126" hits="6"/>
            <line number="128" hits="2"/>
            <line number="154" hits="168"/>
            <line number="155" hits="38"/>
            <line number="156" hits="130"/>
            <line number="157" hits="126"/>
            <line number="159" hits="4"/>
            <line number="166" hits="0"/>
            <line number="172" hits="0"/>
            <line number="173" hits="0"/>
            <line number="175" hits="0"/>
            <line number="182" hits="0"/>
            <line number="188" hits="680"/>
            <line number="193" hits="666"/>
            <line number="198" hits="12"/>
            <line number="203" hits="14"/>
            <line number="260" hits="10"/>
            <line number="264" hits="0"/>
            <line number="269" hits="720"/>
            <line number="273" hits="462"/>
            <line number="282" hits="30"/>
            <line number="283" hits="0"/>
            <line number="286" hits="4"/>
            <line number="289" hits="14"/>
          </lines>
        </class>
        <class name="tuple/tuple_arbitrary.mbt" filename="tuple/tuple_arbitrary.mbt" line-rate="0.166667">
          <lines>
            <line number="19" hits="502"/>
            <line number="31" hits="0"/>
            <line number="42" hits="0"/>
            <line number="54" hits="0"/>
            <line number="67" hits="0"/>
            <line number="81" hits="0"/>
          </lines>
        </class>
        <class name="builtin/bytes_block.mbt" filename="builtin/bytes_block.mbt" line-rate="1.000000">
          <lines>
            <line number="41" hits="6227520"/>
            <line number="48" hits="6213138"/>
          </lines>
        </class>
        <class name="test/test.mbt" filename="test/test.mbt" line-rate="0.086957">
          <lines>
            <line number="16" hits="0"/>
            <line number="23" hits="0"/>
            <line number="24" hits="0"/>
            <line number="26" hits="0"/>
            <line number="32" hits="0"/>
            <line number="33" hits="0"/>
            <line number="35" hits="0"/>
            <line number="41" hits="0"/>
            <line number="42" hits="0"/>
            <line number="43" hits="0"/>
            <line number="49" hits="0"/>
            <line number="50" hits="0"/>
            <line number="51" hits="0"/>
            <line number="71" hits="48"/>
            <line number="72" hits="0"/>
            <line number="74" hits="0"/>
            <line number="94" hits="14"/>
            <line number="95" hits="0"/>
            <line number="97" hits="0"/>
            <line number="102" hits="0"/>
            <line number="106" hits="0"/>
            <line number="110" hits="0"/>
            <line number="120" hits="0"/>
          </lines>
        </class>
        <class name="builtin/assert.mbt" filename="builtin/assert.mbt" line-rate="0.363636">
          <lines>
            <line number="16" hits="0"/>
            <line number="22" hits="4084"/>
            <line number="23" hits="0"/>
            <line number="32" hits="16"/>
            <line number="33" hits="0"/>
            <line number="35" hits="0"/>
            <line number="40" hits="98"/>
            <line number="41" hits="0"/>
            <line number="46" hits="30"/>
            <line number="47" hits="0"/>
            <line number="48" hits="0"/>
          </lines>
        </class>
        <class name="immut/sorted_map/map.mbt" filename="immut/sorted_map/map.mbt" line-rate="0.866667">
          <lines>
            <line number="18" hits="1516"/>
            <line number="19" hits="618"/>
            <line number="21" hits="898"/>
            <line number="22" hits="292"/>
            <line number="23" hits="550"/>
            <line number="24" hits="56"/>
            <line number="30" hits="22"/>
            <line number="31" hits="14"/>
            <line number="32" hits="8"/>
            <line number="36" hits="0"/>
            <line number="41" hits="12"/>
            <line number="42" hits="8"/>
            <line number="43" hits="4"/>
            <line number="47" hits="0"/>
            <line number="52" hits="42"/>
            <line number="53" hits="22"/>
            <line number="54" hits="4"/>
            <line number="56" hits="16"/>
            <line number="57" hits="10"/>
            <line number="60" hits="6"/>
            <line number="69" hits="26"/>
            <line number="70" hits="2"/>
            <line number="71" hits="24"/>
            <line number="74" hits="16"/>
            <line number="75" hits="8"/>
            <line number="76" hits="6"/>
            <line number="78" hits="2"/>
            <line number="86" hits="4"/>
            <line number="94" hits="88"/>
            <line number="95" hits="48"/>
            <line number="97" hits="40"/>
            <line number="98" hits="16"/>
            <line number="100" hits="24"/>
            <line number="107" hits="98"/>
            <line number="108" hits="302"/>
            <line number="113" hits="48"/>
            <line number="120" hits="40"/>
            <line number="137" hits="894"/>
            <line number="138" hits="84"/>
            <line number="139" hits="0"/>
            <line number="143" hits="2"/>
            <line number="144" hits="0"/>
            <line number="156" hits="8"/>
            <line number="157" hits="0"/>
            <line number="169" hits="6"/>
            <line number="170" hits="0"/>
            <line number="176" hits="366"/>
            <line number="177" hits="528"/>
            <line number="179" hits="92"/>
            <line number="180" hits="92"/>
            <line number="181" hits="0"/>
            <line number="186" hits="84"/>
            <line number="188" hits="8"/>
            <line number="190" hits="436"/>
            <line number="192" hits="8"/>
            <line number="193" hits="8"/>
            <line number="194" hits="0"/>
            <line number="199" hits="2"/>
            <line number="201" hits="6"/>
            <line number="204" hits="428"/>
          </lines>
        </class>
        <class name="builtin/arrayview.mbt" filename="builtin/arrayview.mbt" line-rate="0.972222">
          <lines>
            <line number="23" hits="58"/>
            <line number="27" hits="112"/>
            <line number="28" hits="2"/>
            <line number="32" hits="110"/>
            <line number="36" hits="4"/>
            <line number="37" hits="2"/>
            <line number="41" hits="2"/>
            <line number="45" hits="14"/>
            <line number="46" hits="2"/>
            <line number="50" hits="12"/>
            <line number="60" hits="58"/>
            <line number="62" hits="40"/>
            <line number="63" hits="18"/>
            <line number="66" hits="10"/>
            <line number="68" hits="48"/>
            <line number="76" hits="12"/>
            <line number="78" hits="2"/>
            <line number="79" hits="10"/>
            <line number="82" hits="10"/>
            <line number="84" hits="2"/>
            <line number="88" hits="8"/>
            <line number="90" hits="8"/>
            <line number="91" hits="0"/>
            <line number="108" hits="2"/>
            <line number="109" hits="6"/>
            <line number="111" hits="2"/>
            <line number="123" hits="2"/>
            <line number="124" hits="6"/>
            <line number="126" hits="2"/>
            <line number="138" hits="2"/>
            <line number="139" hits="6"/>
            <line number="141" hits="2"/>
            <line number="157" hits="2"/>
            <line number="158" hits="8"/>
            <line number="159" hits="6"/>
            <line number="161" hits="2"/>
          </lines>
        </class>
        <class name="array/fixedarray_sort.mbt" filename="array/fixedarray_sort.mbt" line-rate="0.940594">
          <lines>
            <line number="27" hits="6"/>
            <line number="46" hits="6"/>
            <line number="51" hits="2"/>
            <line number="56" hits="218"/>
            <line number="57" hits="212"/>
            <line number="60" hits="200"/>
            <line number="67" hits="418"/>
            <line number="68" hits="418"/>
            <line number="69" hits="206"/>
            <line number="76" hits="212"/>
            <line number="85" hits="2"/>
            <line number="86" hits="8"/>
            <line number="87" hits="12"/>
            <line number="95" hits="206"/>
            <line number="101" hits="8722"/>
            <line number="104" hits="8516"/>
            <line number="105" hits="7854"/>
            <line number="108" hits="662"/>
            <line number="112" hits="206"/>
            <line number="114" hits="6122"/>
            <line number="115" hits="6122"/>
            <line number="123" hits="220"/>
            <line number="125" hits="4"/>
            <line number="129" hits="202"/>
            <line number="130" hits="1808"/>
            <line number="131" hits="1606"/>
            <line number="133" hits="202"/>
            <line number="137" hits="14"/>
            <line number="138" hits="432"/>
            <line number="139" hits="418"/>
            <line number="141" hits="14"/>
            <line number="152" hits="214"/>
            <line number="163" hits="0"/>
            <line number="167" hits="214"/>
            <line number="178" hits="418"/>
            <line number="186" hits="206"/>
            <line number="187" hits="2"/>
            <line number="189" hits="204"/>
            <line number="192" hits="212"/>
            <line number="208" hits="16"/>
            <line number="220" hits="216"/>
            <line number="226" hits="412"/>
            <line number="227" hits="412"/>
            <line number="229" hits="148"/>
            <line number="230" hits="148"/>
            <line number="237" hits="0"/>
            <line number="243" hits="84"/>
            <line number="244" hits="68"/>
            <line number="251" hits="0"/>
            <line number="257" hits="176"/>
            <line number="258" hits="0"/>
            <line number="259" hits="0"/>
            <line number="260" hits="0"/>
            <line number="265" hits="20"/>
            <line number="271" hits="48"/>
            <line number="275" hits="148"/>
            <line number="282" hits="16"/>
            <line number="284" hits="92"/>
            <line number="285" hits="76"/>
            <line number="300" hits="86"/>
            <line number="301" hits="3330"/>
            <line number="302" hits="3346"/>
            <line number="303" hits="3864"/>
            <line number="304" hits="3864"/>
            <line number="308" hits="450"/>
            <line number="310" hits="16"/>
            <line number="323" hits="156"/>
            <line number="324" hits="3266"/>
            <line number="325" hits="1001706"/>
            <line number="341" hits="196"/>
            <line number="345" hits="20980"/>
            <line number="346" hits="20980"/>
            <line number="347" hits="10656"/>
            <line number="348" hits="6088"/>
            <line number="364" hits="264"/>
            <line number="370" hits="264"/>
            <line number="373" hits="1908"/>
            <line number="374" hits="624"/>
            <line number="380" hits="636"/>
            <line number="386" hits="124"/>
            <line number="393" hits="16"/>
            <line number="396" hits="248"/>
            <line number="401" hits="8"/>
            <line number="402" hits="1012"/>
            <line number="403" hits="1012"/>
            <line number="405" hits="2022"/>
            <line number="406" hits="2022"/>
            <line number="412" hits="3034"/>
            <line number="415" hits="17712"/>
            <line number="416" hits="16006"/>
            <line number="417" hits="7138"/>
            <line number="420" hits="1328"/>
            <line number="429" hits="12"/>
            <line number="432" hits="12"/>
            <line number="435" hits="12"/>
            <line number="438" hits="12"/>
            <line number="442" hits="1188"/>
            <line number="443" hits="1188"/>
            <line number="450" hits="12"/>
            <line number="489" hits="8"/>
            <line number="491" hits="2"/>
          </lines>
        </class>
        <class name="builtin/iter_upto.mbt" filename="builtin/iter_upto.mbt" line-rate="0.000000">
          <lines>
            <line number="28" hits="0"/>
            <line number="29" hits="0"/>
            <line number="30" hits="0"/>
            <line number="31" hits="0"/>
            <line number="32" hits="0"/>
            <line number="35" hits="0"/>
            <line number="39" hits="0"/>
            <line number="57" hits="0"/>
            <line number="58" hits="0"/>
            <line number="59" hits="0"/>
            <line number="60" hits="0"/>
            <line number="61" hits="0"/>
            <line number="64" hits="0"/>
            <line number="68" hits="0"/>
            <line number="90" hits="0"/>
            <line number="91" hits="0"/>
            <line number="92" hits="0"/>
            <line number="93" hits="0"/>
            <line number="94" hits="0"/>
            <line number="97" hits="0"/>
            <line number="101" hits="0"/>
            <line number="123" hits="0"/>
            <line number="124" hits="0"/>
            <line number="125" hits="0"/>
            <line number="126" hits="0"/>
            <line number="127" hits="0"/>
            <line number="130" hits="0"/>
            <line number="134" hits="0"/>
            <line number="156" hits="0"/>
            <line number="157" hits="0"/>
            <line number="158" hits="0"/>
            <line number="159" hits="0"/>
            <line number="160" hits="0"/>
            <line number="163" hits="0"/>
            <line number="167" hits="0"/>
            <line number="189" hits="0"/>
            <line number="190" hits="0"/>
            <line number="191" hits="0"/>
            <line number="192" hits="0"/>
            <line number="193" hits="0"/>
            <line number="196" hits="0"/>
            <line number="200" hits="0"/>
          </lines>
        </class>
        <class name="int64/int64.mbt" filename="int64/int64.mbt" line-rate="0.750000">
          <lines>
            <line number="20" hits="0"/>
            <line number="24" hits="608"/>
            <line number="25" hits="96"/>
            <line number="27" hits="512"/>
          </lines>
        </class>
        <class name="builtin/bytes.mbt" filename="builtin/bytes.mbt" line-rate="0.833333">
          <lines>
            <line number="17" hits="6"/>
            <line number="22" hits="28"/>
            <line number="35" hits="4872212"/>
            <line number="37" hits="4868612"/>
            <line number="49" hits="9223558"/>
            <line number="56" hits="9216360"/>
            <line number="57" hits="18012056"/>
            <line number="58" hits="18055184"/>
            <line number="66" hits="4"/>
            <line number="72" hits="4"/>
            <line number="74" hits="2"/>
            <line number="76" hits="2"/>
            <line number="77" hits="0"/>
            <line number="80" hits="2"/>
            <line number="81" hits="0"/>
            <line number="85" hits="2"/>
            <line number="86" hits="0"/>
            <line number="92" hits="2"/>
            <line number="100" hits="5591684"/>
            <line number="102" hits="5566524"/>
            <line number="105" hits="2"/>
            <line number="106" hits="0"/>
            <line number="115" hits="2"/>
            <line number="120" hits="4"/>
            <line number="121" hits="2"/>
            <line number="123" hits="2"/>
            <line number="124" hits="52"/>
            <line number="125" hits="52"/>
            <line number="126" hits="0"/>
            <line number="129" hits="2"/>
          </lines>
        </class>
        <class name="builtin/hasher.mbt" filename="builtin/hasher.mbt" line-rate="0.657143">
          <lines>
            <line number="31" hits="4780"/>
            <line number="35" hits="4612"/>
            <line number="39" hits="0"/>
            <line number="43" hits="0"/>
            <line number="47" hits="57832"/>
            <line number="52" hits="66"/>
            <line number="58" hits="22"/>
            <line number="62" hits="22"/>
            <line number="66" hits="20"/>
            <line number="70" hits="18"/>
            <line number="74" hits="22"/>
            <line number="76" hits="94"/>
            <line number="77" hits="72"/>
            <line number="81" hits="70"/>
            <line number="82" hits="48"/>
            <line number="89" hits="4640"/>
            <line number="90" hits="57786"/>
            <line number="95" hits="0"/>
            <line number="99" hits="4784"/>
            <line number="103" hits="4784"/>
            <line number="113" hits="58036"/>
            <line number="117" hits="66"/>
            <line number="121" hits="58102"/>
            <line number="125" hits="72"/>
            <line number="140" hits="4612"/>
            <line number="145" hits="7840"/>
            <line number="157" hits="0"/>
            <line number="161" hits="0"/>
            <line number="165" hits="0"/>
            <line number="169" hits="0"/>
            <line number="170" hits="0"/>
            <line number="171" hits="0"/>
            <line number="179" hits="0"/>
            <line number="180" hits="0"/>
            <line number="181" hits="0"/>
          </lines>
        </class>
        <class name="immut/hashset/bucket.mbt" filename="immut/hashset/bucket.mbt" line-rate="0.851852">
          <lines>
            <line number="24" hits="84"/>
            <line number="25" hits="34"/>
            <line number="26" hits="18"/>
            <line number="33" hits="30"/>
            <line number="34" hits="0"/>
            <line number="36" hits="10"/>
            <line number="37" hits="0"/>
            <line number="39" hits="10"/>
            <line number="46" hits="32"/>
            <line number="47" hits="0"/>
            <line number="49" hits="26"/>
            <line number="50" hits="10"/>
            <line number="52" hits="16"/>
            <line number="53" hits="6"/>
            <line number="54" hits="10"/>
            <line number="62" hits="18"/>
            <line number="63" hits="18"/>
            <line number="64" hits="18"/>
            <line number="70" hits="4"/>
            <line number="71" hits="4"/>
            <line number="72" hits="8"/>
            <line number="80" hits="4"/>
            <line number="83" hits="4"/>
            <line number="84" hits="4"/>
            <line number="86" hits="8"/>
            <line number="87" hits="8"/>
            <line number="89" hits="0"/>
          </lines>
        </class>
        <class name="immut/sorted_set/immutable_set.mbt" filename="immut/sorted_set/immutable_set.mbt" line-rate="0.918269">
          <lines>
            <line number="21" hits="64"/>
            <line number="26" hits="76"/>
            <line number="31" hits="50"/>
            <line number="32" hits="204"/>
            <line number="34" hits="50"/>
            <line number="40" hits="102"/>
            <line number="42" hits="258"/>
            <line number="43" hits="180"/>
            <line number="44" hits="78"/>
            <line number="67" hits="20"/>
            <line number="68" hits="2"/>
            <line number="70" hits="18"/>
            <line number="71" hits="10"/>
            <line number="72" hits="8"/>
            <line number="86" hits="3190"/>
            <line number="87" hits="1092"/>
            <line number="88" hits="2098"/>
            <line number="91" hits="102"/>
            <line number="92" hits="1996"/>
            <line number="93" hits="1058"/>
            <line number="95" hits="82"/>
            <line number="97" hits="976"/>
            <line number="100" hits="938"/>
            <line number="102" hits="70"/>
            <line number="104" hits="868"/>
            <line number="120" hits="36"/>
            <line number="121" hits="6"/>
            <line number="122" hits="30"/>
            <line number="125" hits="6"/>
            <line number="126" hits="24"/>
            <line number="127" hits="6"/>
            <line number="129" hits="4"/>
            <line number="131" hits="2"/>
            <line number="134" hits="18"/>
            <line number="136" hits="8"/>
            <line number="138" hits="10"/>
            <line number="155" hits="18"/>
            <line number="156" hits="2"/>
            <line number="158" hits="16"/>
            <line number="159" hits="12"/>
            <line number="160" hits="4"/>
            <line number="168" hits="6"/>
            <line number="169" hits="2"/>
            <line number="171" hits="4"/>
            <line number="172" hits="2"/>
            <line number="173" hits="2"/>
            <line number="188" hits="30"/>
            <line number="189" hits="2"/>
            <line number="191" hits="28"/>
            <line number="192" hits="10"/>
            <line number="193" hits="18"/>
            <line number="201" hits="10"/>
            <line number="202" hits="2"/>
            <line number="204" hits="8"/>
            <line number="205" hits="2"/>
            <line number="206" hits="6"/>
            <line number="224" hits="66"/>
            <line number="225" hits="10"/>
            <line number="226" hits="56"/>
            <line number="229" hits="22"/>
            <line number="230" hits="34"/>
            <line number="231" hits="24"/>
            <line number="234" hits="10"/>
            <line number="243" hits="4"/>
            <line number="244" hits="2"/>
            <line number="245" hits="2"/>
            <line number="251" hits="20"/>
            <line number="252" hits="2"/>
            <line number="253" hits="18"/>
            <line number="256" hits="8"/>
            <line number="270" hits="32"/>
            <line number="271" hits="10"/>
            <line number="272" hits="2"/>
            <line number="277" hits="20"/>
            <line number="278" hits="18"/>
            <line number="279" hits="10"/>
            <line number="281" hits="8"/>
            <line number="284" hits="2"/>
            <line number="285" hits="2"/>
            <line number="287" hits="0"/>
            <line number="302" hits="16"/>
            <line number="303" hits="10"/>
            <line number="305" hits="6"/>
            <line number="306" hits="2"/>
            <line number="307" hits="4"/>
            <line number="321" hits="32"/>
            <line number="322" hits="18"/>
            <line number="323" hits="2"/>
            <line number="325" hits="12"/>
            <line number="326" hits="4"/>
            <line number="327" hits="8"/>
            <line number="341" hits="40"/>
            <line number="342" hits="12"/>
            <line number="343" hits="4"/>
            <line number="347" hits="24"/>
            <line number="350" hits="8"/>
            <line number="351" hits="16"/>
            <line number="352" hits="14"/>
            <line number="355" hits="2"/>
            <line number="371" hits="28"/>
            <line number="372" hits="16"/>
            <line number="374" hits="12"/>
            <line number="375" hits="0"/>
            <line number="377" hits="12"/>
            <line number="378" hits="8"/>
            <line number="379" hits="4"/>
            <line number="394" hits="360"/>
            <line number="395" hits="202"/>
            <line number="396" hits="158"/>
            <line number="413" hits="22"/>
            <line number="414" hits="12"/>
            <line number="416" hits="10"/>
            <line number="429" hits="22"/>
            <line number="430" hits="12"/>
            <line number="432" hits="10"/>
            <line number="445" hits="16"/>
            <line number="446" hits="8"/>
            <line number="447" hits="8"/>
            <line number="460" hits="24"/>
            <line number="461" hits="12"/>
            <line number="462" hits="12"/>
            <line number="475" hits="26"/>
            <line number="476" hits="14"/>
            <line number="477" hits="12"/>
            <line number="482" hits="6"/>
            <line number="483" hits="4"/>
            <line number="485" hits="2"/>
            <line number="488" hits="6"/>
            <line number="495" hits="100"/>
            <line number="499" hits="0"/>
            <line number="503" hits="46"/>
            <line number="504" hits="6"/>
            <line number="505" hits="40"/>
            <line number="506" hits="140"/>
            <line number="511" hits="40"/>
            <line number="518" hits="40"/>
            <line number="519" hits="40"/>
            <line number="522" hits="118"/>
            <line number="527" hits="0"/>
            <line number="536" hits="0"/>
            <line number="543" hits="50"/>
            <line number="554" hits="8"/>
            <line number="555" hits="4"/>
            <line number="556" hits="4"/>
            <line number="563" hits="60"/>
            <line number="564" hits="8"/>
            <line number="565" hits="48"/>
            <line number="568" hits="8"/>
            <line number="569" hits="40"/>
            <line number="570" hits="38"/>
            <line number="571" hits="8"/>
            <line number="573" hits="24"/>
            <line number="576" hits="2"/>
            <line number="577" hits="0"/>
            <line number="578" hits="2"/>
            <line number="587" hits="4900"/>
            <line number="588" hits="1818"/>
            <line number="589" hits="3082"/>
            <line number="595" hits="374"/>
            <line number="598" hits="284"/>
            <line number="600" hits="90"/>
            <line number="607" hits="1922"/>
            <line number="610" hits="68"/>
            <line number="611" hits="0"/>
            <line number="613" hits="68"/>
            <line number="614" hits="68"/>
            <line number="616" hits="0"/>
            <line number="617" hits="0"/>
            <line number="619" hits="0"/>
            <line number="623" hits="1854"/>
            <line number="624" hits="86"/>
            <line number="625" hits="0"/>
            <line number="627" hits="86"/>
            <line number="628" hits="38"/>
            <line number="630" hits="48"/>
            <line number="631" hits="0"/>
            <line number="633" hits="48"/>
            <line number="638" hits="1768"/>
            <line number="639" hits="996"/>
            <line number="641" hits="772"/>
            <line number="648" hits="48"/>
            <line number="649" hits="42"/>
            <line number="651" hits="6"/>
            <line number="656" hits="80"/>
            <line number="657" hits="34"/>
            <line number="659" hits="46"/>
            <line number="665" hits="94"/>
            <line number="666" hits="42"/>
            <line number="667" hits="34"/>
            <line number="672" hits="18"/>
            <line number="673" hits="0"/>
            <line number="674" hits="18"/>
            <line number="675" hits="0"/>
            <line number="677" hits="18"/>
            <line number="683" hits="10"/>
            <line number="685" hits="10"/>
            <line number="687" hits="0"/>
            <line number="694" hits="6"/>
            <line number="695" hits="4"/>
            <line number="696" hits="0"/>
            <line number="697" hits="2"/>
            <line number="703" hits="16"/>
            <line number="704" hits="12"/>
            <line number="705" hits="0"/>
            <line number="706" hits="4"/>
            <line number="711" hits="200"/>
            <line number="712" hits="828"/>
            <line number="714" hits="200"/>
          </lines>
        </class>
        <class name="json/internal_types.mbt" filename="json/internal_types.mbt" line-rate="0.800000">
          <lines>
            <line number="22" hits="200"/>
            <line number="28" hits="2"/>
            <line number="32" hits="0"/>
            <line number="36" hits="10"/>
            <line number="37" hits="30"/>
            <line number="40" hits="12"/>
            <line number="41" hits="18"/>
            <line number="42" hits="8"/>
[...]
            <line number="56" hits="2"/>
            <line number="60" hits="2"/>
            <line number="61" hits="2"/>
            <line number="62" hits="2"/>
            <line number="71" hits="32"/>
            <line number="75" hits="172"/>
            <line number="84" hits="272"/>
            <line number="88" hits="6"/>
            <line number="90" hits="34"/>
            <line number="91" hits="42"/>
            <line number="95" hits="234"/>
            <line number="96" hits="54"/>
            <line number="97" hits="60"/>
            <line number="100" hits="38"/>
            <line number="101" hits="8"/>
            <line number="102" hits="14"/>
            <line number="104" hits="14"/>
            <line number="105" hits="18"/>
            <line number="155" hits="222"/>
            <line number="161" hits="4"/>
            <line number="169" hits="0"/>
            <line number="180" hits="50"/>
            <line number="186" hits="10"/>
            <line number="194" hits="0"/>
            <line number="219" hits="900"/>
            <line number="220" hits="66"/>
            <line number="223" hits="104"/>
            <line number="226" hits="12"/>
            <line number="229" hits="10"/>
            <line number="232" hits="12"/>
            <line number="235" hits="10"/>
            <line number="238" hits="12"/>
            <line number="241" hits="22"/>
            <line number="244" hits="14"/>
            <line number="247" hits="14"/>
            <line number="250" hits="12"/>
            <line number="253" hits="10"/>
            <line number="256" hits="42"/>
            <line number="259" hits="12"/>
            <line number="262" hits="12"/>
            <line number="265" hits="58"/>
            <line number="279" hits="272"/>
            <line number="283" hits="8"/>
            <line number="287" hits="264"/>
            <line number="314" hits="50"/>
            <line number="327" hits="32"/>
            <line number="329" hits="4"/>
            <line number="330" hits="28"/>
            <line number="334" hits="22"/>
            <line number="339" hits="6"/>
            <line number="345" hits="222"/>
            <line number="358" hits="6"/>
            <line number="360" hits="6"/>
            <line number="362" hits="0"/>
            <line number="364" hits="216"/>
            <line number="365" hits="172"/>
            <line number="376" hits="18"/>
            <line number="377" hits="38"/>
            <line number="380" hits="18"/>
            <line number="394" hits="6"/>
            <line number="395" hits="8"/>
            <line number="398" hits="6"/>
            <line number="412" hits="2"/>
            <line number="421" hits="254"/>
            <line number="425" hits="218"/>
            <line number="437" hits="1366"/>
            <line number="438" hits="1366"/>
            <line number="441" hits="254"/>
            <line number="460" hits="900"/>
            <line number="463" hits="12"/>
            <line number="472" hits="88"/>
            <line number="473" hits="1010"/>
            <line number="480" hits="68"/>
            <line number="483" hits="20"/>
            <line number="491" hits="62"/>
            <line number="495" hits="26"/>
            <line number="499" hits="34"/>
            <line number="506" hits="54"/>
            <line number="507" hits="44"/>
            <line number="513" hits="10"/>
            <line number="519" hits="812"/>
            <line number="521" hits="52"/>
            <line number="525" hits="52"/>
            <line number="526" hits="52"/>
            <line number="530" hits="614"/>
            <line number="531" hits="614"/>
            <line number="535" hits="760"/>
            <line number="537" hits="658"/>
            <line number="538" hits="2128"/>
            <line number="542" hits="676"/>
            <line number="543" hits="676"/>
            <line number="548" hits="102"/>
            <line number="549" hits="1164"/>
            <line number="550" hits="1164"/>
            <line number="551" hits="102"/>
            <line number="567" hits="900"/>
            <line number="570" hits="56"/>
            <line number="573" hits="114"/>
            <line number="578" hits="102"/>
            <line number="585" hits="1038"/>
            <line number="586" hits="68"/>
            <line number="601" hits="70"/>
            <line number="606" hits="628"/>
            <line number="608" hits="1252"/>
            <line number="609" hits="1252"/>
            <line number="612" hits="628"/>
            <line number="618" hits="272"/>
          </lines>
        </class>
        <class name="sorted_map/utils.mbt" filename="sorted_map/utils.mbt" line-rate="0.944444">
          <lines>
            <line number="16" hits="288"/>
            <line number="20" hits="294"/>
            <line number="24" hits="554"/>
            <line number="25" hits="146"/>
            <line number="27" hits="408"/>
            <line number="32" hits="1880"/>
            <line number="33" hits="638"/>
            <line number="34" hits="1242"/>
            <line number="39" hits="136"/>
            <line number="40" hits="50"/>
            <line number="41" hits="86"/>
            <line number="44" hits="54"/>
            <line number="45" hits="82"/>
            <line number="51" hits="38"/>
            <line number="52" hits="32"/>
            <line number="53" hits="6"/>
            <line number="58" hits="24"/>
            <line number="62" hits="0"/>
          </lines>
        </class>
        <class name="array/blit.mbt" filename="array/blit.mbt" line-rate="1.000000">
          <lines>
            <line number="16" hits="4208"/>
            <line number="18" hits="2"/>
            <line number="20" hits="4206"/>
          </lines>
        </class>
        <class name="unit/unit.mbt" filename="unit/unit.mbt" line-rate="0.600000">
          <lines>
            <line number="16" hits="0"/>
            <line number="21" hits="2"/>
            <line number="26" hits="0"/>
            <line number="31" hits="2"/>
            <line number="35" hits="2"/>
          </lines>
        </class>
        <class name="rational/rational.mbt" filename="rational/rational.mbt" line-rate="0.910448">
          <lines>
            <line number="30" hits="372"/>
            <line number="31" hits="1068"/>
            <line number="32" hits="372"/>
            <line number="40" hits="60"/>
            <line number="41" hits="2"/>
            <line number="43" hits="58"/>
            <line number="45" hits="44"/>
            <line number="47" hits="14"/>
            <line number="58" hits="242"/>
            <line number="65" hits="12"/>
            <line number="72" hits="12"/>
            <line number="79" hits="8"/>
            <line number="86" hits="8"/>
            <line number="87" hits="2"/>
            <line number="92" hits="6"/>
            <line number="101" hits="4"/>
            <line number="102" hits="2"/>
            <line number="104" hits="2"/>
            <line number="110" hits="4"/>
            <line number="115" hits="4"/>
            <line number="120" hits="14"/>
            <line number="125" hits="14"/>
            <line number="128" hits="6"/>
            <line number="129" hits="8"/>
            <line number="130" hits="6"/>
            <line number="132" hits="2"/>
            <line number="139" hits="4"/>
            <line number="143" hits="6"/>
            <line number="147" hits="20"/>
            <line number="153" hits="14"/>
            <line number="154" hits="14"/>
            <line number="162" hits="12"/>
            <line number="163" hits="12"/>
            <line number="171" hits="66"/>
            <line number="172" hits="0"/>
            <line number="174" hits="14"/>
            <line number="189" hits="0"/>
            <line number="191" hits="32"/>
            <line number="192" hits="80"/>
            <line number="193" hits="8"/>
            <line number="207" hits="0"/>
            <line number="217" hits="72"/>
            <line number="224" hits="40"/>
            <line number="229" hits="0"/>
            <line number="235" hits="0"/>
            <line number="238" hits="40"/>
            <line number="239" hits="0"/>
            <line number="245" hits="4"/>
            <line number="248" hits="4"/>
            <line number="250" hits="4"/>
            <line number="256" hits="4"/>
            <line number="259" hits="4"/>
            <line number="261" hits="4"/>
            <line number="267" hits="4"/>
            <line number="268" hits="2"/>
            <line number="270" hits="2"/>
            <line number="277" hits="8"/>
            <line number="281" hits="76"/>
            <line number="282" hits="12"/>
            <line number="283" hits="64"/>
            <line number="284" hits="12"/>
            <line number="286" hits="52"/>
            <line number="294" hits="40"/>
            <line number="298" hits="8"/>
            <line number="300" hits="32"/>
            <line number="307" hits="6"/>
            <line number="311" hits="8"/>
          </lines>
        </class>
        <class name="builtin/tuple_to_json.mbt" filename="builtin/tuple_to_json.mbt" line-rate="0.000000">
          <lines>
            <line number="16" hits="0"/>
            <line number="22" hits="0"/>
            <line number="28" hits="0"/>
            <line number="38" hits="0"/>
            <line number="55" hits="0"/>
            <line number="74" hits="0"/>
            <line number="95" hits="0"/>
            <line number="118" hits="0"/>
            <line number="143" hits="0"/>
            <line number="170" hits="0"/>
            <line number="199" hits="0"/>
            <line number="230" hits="0"/>
            <line number="263" hits="0"/>
            <line number="298" hits="0"/>
            <line number="335" hits="0"/>
          </lines>
        </class>
        <class name="math/algebraic.mbt" filename="math/algebraic.mbt" line-rate="1.000000">
          <lines>
            <line number="26" hits="214"/>
            <line number="27" hits="160"/>
            <line number="29" hits="54"/>
            <line number="44" hits="14"/>
            <line number="45" hits="4"/>
            <line number="47" hits="10"/>
          </lines>
        </class>
        <class name="byte/byte.mbt" filename="byte/byte.mbt" line-rate="1.000000">
          <lines>
            <line number="20" hits="22"/>
          </lines>
        </class>
        <class name="builtin/byte.mbt" filename="builtin/byte.mbt" line-rate="0.828571">
          <lines>
            <line number="16" hits="14"/>
            <line number="20" hits="24"/>
            <line number="24" hits="34"/>
            <line number="28" hits="12"/>
            <line number="32" hits="290"/>
            <line number="33" hits="124"/>
            <line number="34" hits="22"/>
            <line number="35" hits="22"/>
            <line number="36" hits="6"/>
            <line number="37" hits="6"/>
            <line number="38" hits="10"/>
            <line number="39" hits="2"/>
            <line number="40" hits="4"/>
            <line number="41" hits="12"/>
            <line number="42" hits="6"/>
            <line number="43" hits="4"/>
            <line number="44" hits="4"/>
            <line number="45" hits="4"/>
            <line number="46" hits="8"/>
            <line number="47" hits="8"/>
            <line number="48" hits="46"/>
            <line number="49" hits="2"/>
            <line number="54" hits="128"/>
            <line number="60" hits="0"/>
            <line number="63" hits="0"/>
            <line number="67" hits="0"/>
            <line number="71" hits="0"/>
            <line number="75" hits="6"/>
            <line number="79" hits="6"/>
            <line number="83" hits="6"/>
            <line number="87" hits="28"/>
            <line number="91" hits="44"/>
            <line number="95" hits="28"/>
            <line number="100" hits="0"/>
            <line number="105" hits="0"/>
          </lines>
        </class>
        <class name="json/json.mbt" filename="json/json.mbt" line-rate="0.939394">
          <lines>
            <line number="17" hits="18"/>
            <line number="18" hits="6"/>
            <line number="19" hits="12"/>
            <line number="25" hits="18"/>
            <line number="26" hits="4"/>
            <line number="27" hits="4"/>
            <line number="28" hits="10"/>
            <line number="34" hits="20"/>
            <line number="35" hits="4"/>
            <line number="36" hits="16"/>
            <line number="42" hits="18"/>
            <line number="43" hits="6"/>
            <line number="44" hits="12"/>
            <line number="50" hits="32"/>
            <line number="51" hits="20"/>
            <line number="52" hits="12"/>
            <line number="58" hits="14"/>
            <line number="59" hits="14"/>
            <line number="60" hits="0"/>
            <line number="66" hits="42"/>
            <line number="67" hits="30"/>
            <line number="68" hits="12"/>
            <line number="74" hits="24"/>
            <line number="75" hits="24"/>
            <line number="76" hits="0"/>
            <line number="81" hits="516"/>
            <line number="82" hits="406"/>
            <line number="84" hits="110"/>
            <line number="93" hits="142"/>
            <line number="94" hits="542"/>
            <line number="95" hits="102"/>
            <line number="97" hits="18"/>
            <line number="105" hits="84"/>
            <line number="107" hits="180"/>
            <line number="115" hits="204"/>
            <line number="117" hits="60"/>
            <line number="124" hits="52"/>
            <line number="126" hits="20"/>
            <line number="133" hits="104"/>
            <line number="141" hits="122"/>
            <line number="149" hits="208"/>
            <line number="150" hits="18"/>
            <line number="151" hits="14"/>
            <line number="152" hits="26"/>
            <line number="160" hits="386"/>
            <line number="161" hits="60"/>
            <line number="162" hits="50"/>
            <line number="164" hits="10"/>
            <line number="171" hits="50"/>
            <line number="173" hits="22"/>
            <line number="174" hits="8"/>
            <line number="176" hits="14"/>
            <line number="178" hits="20"/>
            <line number="179" hits="10"/>
            <line number="180" hits="10"/>
            <line number="181" hits="10"/>
            <line number="182" hits="1164"/>
            <line number="185" hits="10"/>
            <line number="186" hits="1154"/>
            <line number="187" hits="30"/>
            <line number="191" hits="1124"/>
            <line number="201" hits="8"/>
            <line number="210" hits="30"/>
            <line number="214" hits="0"/>
            <line number="215" hits="30"/>
            <line number="218" hits="0"/>
          </lines>
        </class>
        <class name="deque/deque.mbt" filename="deque/deque.mbt" line-rate="0.878788">
          <lines>
            <line number="22" hits="384"/>
            <line number="27" hits="38"/>
            <line number="31" hits="16"/>
            <line number="35" hits="0"/>
            <line number="40" hits="2"/>
            <line number="46" hits="0"/>
            <line number="47" hits="0"/>
            <line number="53" hits="62"/>
            <line number="59" hits="226"/>
            <line number="60" hits="226"/>
            <line number="67" hits="94"/>
            <line number="72" hits="30"/>
            <line number="77" hits="26"/>
            <line number="78" hits="8"/>
            <line number="81" hits="8"/>
            <line number="82" hits="2"/>
            <line number="83" hits="6"/>
            <line number="86" hits="6"/>
            <line number="87" hits="14"/>
            <line number="88" hits="14"/>
            <line number="91" hits="16"/>
            <line number="92" hits="16"/>
            <line number="98" hits="18"/>
            <line number="112" hits="24"/>
            <line number="113" hits="2"/>
            <line number="115" hits="22"/>
            <line number="127" hits="24"/>
            <line number="128" hits="2"/>
            <line number="130" hits="22"/>
            <line number="144" hits="18"/>
            <line number="145" hits="10"/>
            <line number="148" hits="8"/>
            <line number="164" hits="40"/>
            <line number="165" hits="16"/>
            <line number="168" hits="24"/>
            <line number="183" hits="2"/>
            <line number="184" hits="0"/>
            <line number="186" hits="0"/>
            <line number="192" hits="0"/>
            <line number="204" hits="2"/>
            <line number="205" hits="0"/>
            <line number="207" hits="0"/>
            <line number="213" hits="0"/>
            <line number="224" hits="30"/>
            <line number="225" hits="2"/>
            <line number="228" hits="2"/>
            <line number="241" hits="8"/>
            <line number="242" hits="2"/>
            <line number="245" hits="2"/>
            <line number="261" hits="174"/>
            <line number="262" hits="0"/>
            <line number="268" hits="172"/>
            <line number="270" hits="2"/>
            <line number="286" hits="4"/>
            <line number="287" hits="0"/>
            <line number="293" hits="4"/>
            <line number="295" hits="0"/>
            <line number="301" hits="6"/>
            <line number="302" hits="2"/>
            <line number="304" hits="6"/>
            <line number="305" hits="8"/>
            <line number="306" hits="2"/>
            <line number="321" hits="6"/>
            <line number="322" hits="30"/>
            <line number="335" hits="2"/>
            <line number="336" hits="10"/>
            <line number="349" hits="2"/>
            <line number="350" hits="10"/>
            <line number="363" hits="2"/>
            <line number="364" hits="10"/>
            <line number="378" hits="2"/>
            <line number="391" hits="4"/>
            <line number="392" hits="2"/>
            <line number="394" hits="2"/>
            <line number="395" hits="6"/>
            <line number="396" hits="6"/>
            <line number="410" hits="4"/>
            <line number="411" hits="2"/>
            <line number="413" hits="2"/>
            <line number="414" hits="6"/>
            <line number="415" hits="6"/>
            <line number="429" hits="4"/>
            <line number="439" hits="8"/>
            <line number="440" hits="18"/>
            <line number="441" hits="6"/>
            <line number="455" hits="8"/>
            <line number="469" hits="4"/>
            <line number="470" hits="2"/>
            <line number="477" hits="6"/>
            <line number="478" hits="6"/>
            <line number="498" hits="4"/>
            <line number="499" hits="2"/>
            <line number="505" hits="6"/>
            <line number="506" hits="6"/>
            <line number="512" hits="26"/>
            <line number="514" hits="28"/>
            <line number="515" hits="8"/>
            <line number="525" hits="6"/>
            <line number="526" hits="8"/>
          </lines>
        </class>
        <class name="builtin/traits.mbt" filename="builtin/traits.mbt" line-rate="0.777778">
          <lines>
            <line number="37" hits="4612"/>
            <line number="57" hits="0"/>
            <line number="83" hits="37378"/>
            <line number="89" hits="848"/>
            <line number="100" hits="158"/>
            <line number="102" hits="0"/>
            <line number="108" hits="158"/>
            <line number="111" hits="136"/>
            <line number="113" hits="518"/>
          </lines>
        </class>
      </classes>
    </package>
  </packages>
</coverage>